[0m13:23:13.525875 [debug] [MainThread]: Sending event: {'category': 'dbt', 'action': 'invocation', 'label': 'start', 'context': [<snowplow_tracker.self_describing_json.SelfDescribingJson object at 0x00000252014B5ED0>, <snowplow_tracker.self_describing_json.SelfDescribingJson object at 0x00000252019BEED0>, <snowplow_tracker.self_describing_json.SelfDescribingJson object at 0x00000252019BF110>]}


============================== 13:23:13.525875 | da55fe9c-f3b3-43ad-8dac-215ff788936a ==============================
[0m13:23:13.525875 [info ] [MainThread]: Running with dbt=1.7.9
[0m13:23:13.525875 [debug] [MainThread]: running dbt with arguments {'printer_width': '80', 'indirect_selection': 'eager', 'log_cache_events': 'False', 'write_json': 'True', 'partial_parse': 'True', 'cache_selected_only': 'False', 'warn_error': 'None', 'fail_fast': 'False', 'profiles_dir': 'C:\\Users\\username\\dbt_tst\\incremental_test', 'log_path': 'C:\\Users\\username\\dbt_tst\\incremental_test\\logs', 'version_check': 'True', 'debug': 'True', 'use_colors': 'True', 'use_experimental_parser': 'False', 'no_print': 'None', 'quiet': 'False', 'warn_error_options': 'WarnErrorOptions(include=[], exclude=[])', 'introspect': 'True', 'static_parser': 'True', 'log_format': 'default', 'target_path': 'None', 'invocation_command': 'dbt run --debug', 'send_anonymous_usage_stats': 'True'}
[0m13:23:13.807693 [debug] [MainThread]: Sending event: {'category': 'dbt', 'action': 'project_id', 'label': 'da55fe9c-f3b3-43ad-8dac-215ff788936a', 'context': [<snowplow_tracker.self_describing_json.SelfDescribingJson object at 0x0000025201EA3050>]}
[0m13:23:13.888862 [debug] [MainThread]: Sending event: {'category': 'dbt', 'action': 'adapter_info', 'label': 'da55fe9c-f3b3-43ad-8dac-215ff788936a', 'context': [<snowplow_tracker.self_describing_json.SelfDescribingJson object at 0x0000025201EDEED0>]}
[0m13:23:13.888862 [info ] [MainThread]: Registered adapter: sqlserver=1.7.4
[0m13:23:13.896864 [debug] [MainThread]: checksum: 6ff0d83c3b46f350064523b4e08d9241403ad71d606ba49c4e670afba3668b39, vars: {}, profile: , target: , version: 1.7.9
[0m13:23:13.942842 [debug] [MainThread]: Partial parsing enabled: 0 files deleted, 0 files added, 0 files changed.
[0m13:23:13.955295 [debug] [MainThread]: Partial parsing enabled, no changes found, skipping parsing
[0m13:23:13.957675 [debug] [MainThread]: Sending event: {'category': 'dbt', 'action': 'load_project', 'label': 'da55fe9c-f3b3-43ad-8dac-215ff788936a', 'context': [<snowplow_tracker.self_describing_json.SelfDescribingJson object at 0x00000252021A8950>]}
[0m13:23:13.977345 [debug] [MainThread]: Sending event: {'category': 'dbt', 'action': 'resource_counts', 'label': 'da55fe9c-f3b3-43ad-8dac-215ff788936a', 'context': [<snowplow_tracker.self_describing_json.SelfDescribingJson object at 0x0000025202017110>]}
[0m13:23:13.984194 [info ] [MainThread]: Found 1 model, 0 sources, 0 exposures, 0 metrics, 447 macros, 0 groups, 0 semantic models
[0m13:23:13.984194 [debug] [MainThread]: Sending event: {'category': 'dbt', 'action': 'runnable_timing', 'label': 'da55fe9c-f3b3-43ad-8dac-215ff788936a', 'context': [<snowplow_tracker.self_describing_json.SelfDescribingJson object at 0x000002520208BE90>]}
[0m13:23:13.984194 [info ] [MainThread]: 
[0m13:23:13.988572 [debug] [MainThread]: Acquiring new sqlserver connection 'master'
[0m13:23:13.988572 [debug] [ThreadPool]: Acquiring new sqlserver connection 'list_TestDB'
[0m13:23:14.005280 [debug] [ThreadPool]: Using sqlserver connection "list_TestDB"
[0m13:23:14.005280 [debug] [ThreadPool]: On list_TestDB: /* {"app": "dbt", "dbt_version": "1.7.9", "profile_name": "incremental_test", "target_name": "dev", "connection_name": "list_TestDB"} */
select  name as [schema]
    from sys.schemas 
  
[0m13:23:14.005280 [debug] [ThreadPool]: Opening a new connection, currently in state init
[0m13:23:14.013278 [debug] [ThreadPool]: SQLServer adapter: Using connection string: DRIVER={ODBC Driver 18 for SQL Server};SERVER=localhost,1433;Database=TestDB;UID={sa};PWD=***;encrypt=No;TrustServerCertificate=Yes;Application Name=dbt-sqlserver/1.7.4
[0m13:23:14.057464 [debug] [ThreadPool]: SQLServer adapter: Connected to db: TestDB
[0m13:23:14.060137 [debug] [ThreadPool]: SQL status: OK in 0.0 seconds
[0m13:23:14.062215 [debug] [ThreadPool]: On list_TestDB: Close
[0m13:23:14.064276 [debug] [ThreadPool]: Acquiring new sqlserver connection 'list_TestDB_dbo'
[0m13:23:14.069259 [debug] [ThreadPool]: Using sqlserver connection "list_TestDB_dbo"
[0m13:23:14.071080 [debug] [ThreadPool]: On list_TestDB_dbo: /* {"app": "dbt", "dbt_version": "1.7.9", "profile_name": "incremental_test", "target_name": "dev", "connection_name": "list_TestDB_dbo"} */
select
      table_catalog as [database],
      table_name as [name],
      table_schema as [schema],
      case when table_type = 'BASE TABLE' then 'table'
           when table_type = 'VIEW' then 'view'
           else table_type
      end as table_type

    from INFORMATION_SCHEMA.TABLES 
    where table_schema like 'dbo'
  
[0m13:23:14.072312 [debug] [ThreadPool]: Opening a new connection, currently in state init
[0m13:23:14.072312 [debug] [ThreadPool]: SQLServer adapter: Using connection string: DRIVER={ODBC Driver 18 for SQL Server};SERVER=localhost,1433;Database=TestDB;UID={sa};PWD=***;encrypt=No;TrustServerCertificate=Yes;Application Name=dbt-sqlserver/1.7.4
[0m13:23:14.077136 [debug] [ThreadPool]: SQLServer adapter: Connected to db: TestDB
[0m13:23:14.088994 [debug] [ThreadPool]: SQL status: OK in 0.0 seconds
[0m13:23:14.089500 [debug] [ThreadPool]: On list_TestDB_dbo: ROLLBACK
[0m13:23:14.093429 [debug] [ThreadPool]: On list_TestDB_dbo: Close
[0m13:23:14.093429 [debug] [MainThread]: Sending event: {'category': 'dbt', 'action': 'runnable_timing', 'label': 'da55fe9c-f3b3-43ad-8dac-215ff788936a', 'context': [<snowplow_tracker.self_describing_json.SelfDescribingJson object at 0x000002520203D290>]}
[0m13:23:14.101803 [debug] [MainThread]: On master: COMMIT
[0m13:23:14.101803 [info ] [MainThread]: Concurrency: 1 threads (target='dev')
[0m13:23:14.101803 [info ] [MainThread]: 
[0m13:23:14.114728 [debug] [Thread-1 (]: Began running node model.incremental_test.incremental_model_file
[0m13:23:14.122731 [info ] [Thread-1 (]: 1 of 1 START sql incremental model dbo.incremental_model_file .................. [RUN]
[0m13:23:14.126888 [debug] [Thread-1 (]: Acquiring new sqlserver connection 'model.incremental_test.incremental_model_file'
[0m13:23:14.128413 [debug] [Thread-1 (]: Began compiling node model.incremental_test.incremental_model_file
[0m13:23:14.137396 [debug] [Thread-1 (]: Writing injected SQL for node "model.incremental_test.incremental_model_file"
[0m13:23:14.143118 [debug] [Thread-1 (]: Timing info for model.incremental_test.incremental_model_file (compile): 13:23:14.128413 => 13:23:14.143118
[0m13:23:14.145597 [debug] [Thread-1 (]: Began executing node model.incremental_test.incremental_model_file
[0m13:23:14.192921 [debug] [Thread-1 (]: Using sqlserver connection "model.incremental_test.incremental_model_file"
[0m13:23:14.192921 [debug] [Thread-1 (]: On model.incremental_test.incremental_model_file: /* {"app": "dbt", "dbt_version": "1.7.9", "profile_name": "incremental_test", "target_name": "dev", "node_id": "model.incremental_test.incremental_model_file"} */

      USE [TestDB];
      select
          sch.name as schema_name,
          obj.name as view_name
      from sys.sql_expression_dependencies refs
      inner join sys.objects obj
      on refs.referencing_id = obj.object_id
      inner join sys.schemas sch
      on obj.schema_id = sch.schema_id
      where refs.referenced_database_name = 'TestDB'
      and refs.referenced_schema_name = 'dbo'
      and refs.referenced_entity_name = 'incremental_model_file_temp_view'
      and refs.referencing_class = 1
      and obj.type = 'V'
      
[0m13:23:14.192921 [debug] [Thread-1 (]: Opening a new connection, currently in state init
[0m13:23:14.192921 [debug] [Thread-1 (]: SQLServer adapter: Using connection string: DRIVER={ODBC Driver 18 for SQL Server};SERVER=localhost,1433;Database=TestDB;UID={sa};PWD=***;encrypt=No;TrustServerCertificate=Yes;Application Name=dbt-sqlserver/1.7.4
[0m13:23:14.224116 [debug] [Thread-1 (]: SQLServer adapter: Connected to db: TestDB
[0m13:23:14.239204 [debug] [Thread-1 (]: SQL status: OK in 0.0 seconds
[0m13:23:14.243253 [debug] [Thread-1 (]: Using sqlserver connection "model.incremental_test.incremental_model_file"
[0m13:23:14.243253 [debug] [Thread-1 (]: On model.incremental_test.incremental_model_file: /* {"app": "dbt", "dbt_version": "1.7.9", "profile_name": "incremental_test", "target_name": "dev", "node_id": "model.incremental_test.incremental_model_file"} */

    
      
      
    
    USE [TestDB];
    EXEC('DROP view IF EXISTS "dbo"."incremental_model_file_temp_view";');

  
[0m13:23:14.249212 [debug] [Thread-1 (]: SQL status: OK in 0.0 seconds
[0m13:23:14.255284 [debug] [Thread-1 (]: Using sqlserver connection "model.incremental_test.incremental_model_file"
[0m13:23:14.257007 [debug] [Thread-1 (]: On model.incremental_test.incremental_model_file: /* {"app": "dbt", "dbt_version": "1.7.9", "profile_name": "incremental_test", "target_name": "dev", "node_id": "model.incremental_test.incremental_model_file"} */

      USE [TestDB];
      select
          sch.name as schema_name,
          obj.name as view_name
      from sys.sql_expression_dependencies refs
      inner join sys.objects obj
      on refs.referencing_id = obj.object_id
      inner join sys.schemas sch
      on obj.schema_id = sch.schema_id
      where refs.referenced_database_name = 'TestDB'
      and refs.referenced_schema_name = 'dbo'
      and refs.referenced_entity_name = 'incremental_model_file_temp_view'
      and refs.referencing_class = 1
      and obj.type = 'V'
      
[0m13:23:14.263317 [debug] [Thread-1 (]: SQL status: OK in 0.0 seconds
[0m13:23:14.266024 [debug] [Thread-1 (]: Writing runtime sql for node "model.incremental_test.incremental_model_file"
[0m13:23:14.269351 [debug] [Thread-1 (]: Using sqlserver connection "model.incremental_test.incremental_model_file"
[0m13:23:14.270917 [debug] [Thread-1 (]: On model.incremental_test.incremental_model_file: /* {"app": "dbt", "dbt_version": "1.7.9", "profile_name": "incremental_test", "target_name": "dev", "node_id": "model.incremental_test.incremental_model_file"} */

      
  
    

   

    USE [TestDB];
    
    

    EXEC('create view "dbo"."incremental_model_file_temp_view" as 

select
    *

from dbo.tst

;');



    
      EXEC('SELECT * INTO [TestDB].[dbo].[incremental_model_file] FROM [TestDB].[dbo].[incremental_model_file_temp_view];');
    

    
      
      
    
    USE [TestDB];
    EXEC('DROP view IF EXISTS "dbo"."incremental_model_file_temp_view";');



  
  
[0m13:23:14.287797 [debug] [Thread-1 (]: SQL status: OK in 0.0 seconds
[0m13:23:14.305433 [debug] [Thread-1 (]: On model.incremental_test.incremental_model_file: COMMIT
[0m13:23:14.309029 [debug] [Thread-1 (]: Timing info for model.incremental_test.incremental_model_file (execute): 13:23:14.145597 => 13:23:14.309029
[0m13:23:14.312257 [debug] [Thread-1 (]: On model.incremental_test.incremental_model_file: Close
[0m13:23:14.312257 [debug] [Thread-1 (]: Sending event: {'category': 'dbt', 'action': 'run_model', 'label': 'da55fe9c-f3b3-43ad-8dac-215ff788936a', 'context': [<snowplow_tracker.self_describing_json.SelfDescribingJson object at 0x00000252021191D0>]}
[0m13:23:14.312257 [info ] [Thread-1 (]: 1 of 1 OK created sql incremental model dbo.incremental_model_file ............. [[32mOK[0m in 0.19s]
[0m13:23:14.317487 [debug] [Thread-1 (]: Finished running node model.incremental_test.incremental_model_file
[0m13:23:14.317487 [debug] [MainThread]: On master: COMMIT
[0m13:23:14.322084 [debug] [MainThread]: Connection 'master' was properly closed.
[0m13:23:14.322084 [debug] [MainThread]: Connection 'list_TestDB' was properly closed.
[0m13:23:14.327860 [debug] [MainThread]: Connection 'list_TestDB_dbo' was properly closed.
[0m13:23:14.327860 [debug] [MainThread]: Connection 'model.incremental_test.incremental_model_file' was properly closed.
[0m13:23:14.327860 [info ] [MainThread]: 
[0m13:23:14.332623 [info ] [MainThread]: Finished running 1 incremental model in 0 hours 0 minutes and 0.34 seconds (0.34s).
[0m13:23:14.332623 [debug] [MainThread]: Command end result
[0m13:23:14.347502 [info ] [MainThread]: 
[0m13:23:14.349094 [info ] [MainThread]: [32mCompleted successfully[0m
[0m13:23:14.350720 [info ] [MainThread]: 
[0m13:23:14.350720 [info ] [MainThread]: Done. PASS=1 WARN=0 ERROR=0 SKIP=0 TOTAL=1
[0m13:23:14.350720 [debug] [MainThread]: Command `dbt run` succeeded at 13:23:14.350720 after 0.89 seconds
[0m13:23:14.355386 [debug] [MainThread]: Sending event: {'category': 'dbt', 'action': 'invocation', 'label': 'end', 'context': [<snowplow_tracker.self_describing_json.SelfDescribingJson object at 0x000002527F2CA7D0>, <snowplow_tracker.self_describing_json.SelfDescribingJson object at 0x00000252014B5E50>, <snowplow_tracker.self_describing_json.SelfDescribingJson object at 0x0000025201602F90>]}
[0m13:23:14.355386 [debug] [MainThread]: Flushing usage events
[0m13:26:12.446028 [debug] [MainThread]: Sending event: {'category': 'dbt', 'action': 'invocation', 'label': 'start', 'context': [<snowplow_tracker.self_describing_json.SelfDescribingJson object at 0x0000024E5DE0D7D0>, <snowplow_tracker.self_describing_json.SelfDescribingJson object at 0x0000024E5DDFA650>, <snowplow_tracker.self_describing_json.SelfDescribingJson object at 0x0000024E5DDFA450>]}


============================== 13:26:12.446028 | f7ff5695-171f-48c1-bd01-5ce033279d9f ==============================
[0m13:26:12.446028 [info ] [MainThread]: Running with dbt=1.7.9
[0m13:26:12.446028 [debug] [MainThread]: running dbt with arguments {'printer_width': '80', 'indirect_selection': 'eager', 'write_json': 'True', 'log_cache_events': 'False', 'partial_parse': 'True', 'cache_selected_only': 'False', 'warn_error': 'None', 'fail_fast': 'False', 'profiles_dir': 'C:\\Users\\username\\dbt_tst\\incremental_test', 'log_path': 'C:\\Users\\username\\dbt_tst\\incremental_test\\logs', 'debug': 'True', 'version_check': 'True', 'use_colors': 'True', 'use_experimental_parser': 'False', 'no_print': 'None', 'quiet': 'False', 'warn_error_options': 'WarnErrorOptions(include=[], exclude=[])', 'introspect': 'True', 'log_format': 'default', 'invocation_command': 'dbt run --debug', 'target_path': 'None', 'static_parser': 'True', 'send_anonymous_usage_stats': 'True'}
[0m13:26:12.703866 [debug] [MainThread]: Sending event: {'category': 'dbt', 'action': 'project_id', 'label': 'f7ff5695-171f-48c1-bd01-5ce033279d9f', 'context': [<snowplow_tracker.self_describing_json.SelfDescribingJson object at 0x0000024E5DDFA3D0>]}
[0m13:26:12.788109 [debug] [MainThread]: Sending event: {'category': 'dbt', 'action': 'adapter_info', 'label': 'f7ff5695-171f-48c1-bd01-5ce033279d9f', 'context': [<snowplow_tracker.self_describing_json.SelfDescribingJson object at 0x0000024E5E36E090>]}
[0m13:26:12.788109 [info ] [MainThread]: Registered adapter: sqlserver=1.7.4
[0m13:26:12.803919 [debug] [MainThread]: checksum: 6ff0d83c3b46f350064523b4e08d9241403ad71d606ba49c4e670afba3668b39, vars: {}, profile: , target: , version: 1.7.9
[0m13:26:12.857964 [debug] [MainThread]: Partial parsing enabled: 0 files deleted, 0 files added, 0 files changed.
[0m13:26:12.857964 [debug] [MainThread]: Partial parsing enabled, no changes found, skipping parsing
[0m13:26:12.870688 [debug] [MainThread]: Sending event: {'category': 'dbt', 'action': 'load_project', 'label': 'f7ff5695-171f-48c1-bd01-5ce033279d9f', 'context': [<snowplow_tracker.self_describing_json.SelfDescribingJson object at 0x0000024E5E5C1BD0>]}
[0m13:26:12.883612 [debug] [MainThread]: Sending event: {'category': 'dbt', 'action': 'resource_counts', 'label': 'f7ff5695-171f-48c1-bd01-5ce033279d9f', 'context': [<snowplow_tracker.self_describing_json.SelfDescribingJson object at 0x0000024E5E4C9A90>]}
[0m13:26:12.883612 [info ] [MainThread]: Found 1 model, 0 sources, 0 exposures, 0 metrics, 447 macros, 0 groups, 0 semantic models
[0m13:26:12.883612 [debug] [MainThread]: Sending event: {'category': 'dbt', 'action': 'runnable_timing', 'label': 'f7ff5695-171f-48c1-bd01-5ce033279d9f', 'context': [<snowplow_tracker.self_describing_json.SelfDescribingJson object at 0x0000024E5E503ED0>]}
[0m13:26:12.891575 [info ] [MainThread]: 
[0m13:26:12.894747 [debug] [MainThread]: Acquiring new sqlserver connection 'master'
[0m13:26:12.894747 [debug] [ThreadPool]: Acquiring new sqlserver connection 'list_TestDB'
[0m13:26:12.908216 [debug] [ThreadPool]: Using sqlserver connection "list_TestDB"
[0m13:26:12.909797 [debug] [ThreadPool]: On list_TestDB: /* {"app": "dbt", "dbt_version": "1.7.9", "profile_name": "incremental_test", "target_name": "dev", "connection_name": "list_TestDB"} */
select  name as [schema]
    from sys.schemas 
  
[0m13:26:12.909797 [debug] [ThreadPool]: Opening a new connection, currently in state init
[0m13:26:12.909797 [debug] [ThreadPool]: SQLServer adapter: Using connection string: DRIVER={ODBC Driver 18 for SQL Server};SERVER=localhost,1433;Database=TestDB;UID={sa};PWD=***;encrypt=No;TrustServerCertificate=Yes;Application Name=dbt-sqlserver/1.7.4
[0m13:26:12.957208 [debug] [ThreadPool]: SQLServer adapter: Connected to db: TestDB
[0m13:26:12.959625 [debug] [ThreadPool]: SQL status: OK in 0.0 seconds
[0m13:26:12.961331 [debug] [ThreadPool]: On list_TestDB: Close
[0m13:26:12.963624 [debug] [ThreadPool]: Acquiring new sqlserver connection 'list_TestDB_dbo'
[0m13:26:12.969181 [debug] [ThreadPool]: Using sqlserver connection "list_TestDB_dbo"
[0m13:26:12.970625 [debug] [ThreadPool]: On list_TestDB_dbo: /* {"app": "dbt", "dbt_version": "1.7.9", "profile_name": "incremental_test", "target_name": "dev", "connection_name": "list_TestDB_dbo"} */
select
      table_catalog as [database],
      table_name as [name],
      table_schema as [schema],
      case when table_type = 'BASE TABLE' then 'table'
           when table_type = 'VIEW' then 'view'
           else table_type
      end as table_type

    from INFORMATION_SCHEMA.TABLES 
    where table_schema like 'dbo'
  
[0m13:26:12.970625 [debug] [ThreadPool]: Opening a new connection, currently in state init
[0m13:26:12.974716 [debug] [ThreadPool]: SQLServer adapter: Using connection string: DRIVER={ODBC Driver 18 for SQL Server};SERVER=localhost,1433;Database=TestDB;UID={sa};PWD=***;encrypt=No;TrustServerCertificate=Yes;Application Name=dbt-sqlserver/1.7.4
[0m13:26:12.976881 [debug] [ThreadPool]: SQLServer adapter: Connected to db: TestDB
[0m13:26:12.982514 [debug] [ThreadPool]: SQL status: OK in 0.0 seconds
[0m13:26:12.984568 [debug] [ThreadPool]: On list_TestDB_dbo: ROLLBACK
[0m13:26:12.986413 [debug] [ThreadPool]: On list_TestDB_dbo: Close
[0m13:26:12.988968 [debug] [MainThread]: Sending event: {'category': 'dbt', 'action': 'runnable_timing', 'label': 'f7ff5695-171f-48c1-bd01-5ce033279d9f', 'context': [<snowplow_tracker.self_describing_json.SelfDescribingJson object at 0x0000024E5E3F5A50>]}
[0m13:26:12.990834 [debug] [MainThread]: On master: COMMIT
[0m13:26:12.993536 [info ] [MainThread]: Concurrency: 1 threads (target='dev')
[0m13:26:12.994905 [info ] [MainThread]: 
[0m13:26:12.994905 [debug] [Thread-1 (]: Began running node model.incremental_test.incremental_model_file
[0m13:26:12.994905 [info ] [Thread-1 (]: 1 of 1 START sql incremental model dbo.incremental_model_file .................. [RUN]
[0m13:26:13.000631 [debug] [Thread-1 (]: Acquiring new sqlserver connection 'model.incremental_test.incremental_model_file'
[0m13:26:13.000631 [debug] [Thread-1 (]: Began compiling node model.incremental_test.incremental_model_file
[0m13:26:13.009049 [debug] [Thread-1 (]: Writing injected SQL for node "model.incremental_test.incremental_model_file"
[0m13:26:13.017192 [debug] [Thread-1 (]: Timing info for model.incremental_test.incremental_model_file (compile): 13:26:13.003920 => 13:26:13.017192
[0m13:26:13.020617 [debug] [Thread-1 (]: Began executing node model.incremental_test.incremental_model_file
[0m13:26:13.070754 [debug] [Thread-1 (]: Using sqlserver connection "model.incremental_test.incremental_model_file"
[0m13:26:13.070754 [debug] [Thread-1 (]: On model.incremental_test.incremental_model_file: /* {"app": "dbt", "dbt_version": "1.7.9", "profile_name": "incremental_test", "target_name": "dev", "node_id": "model.incremental_test.incremental_model_file"} */

      USE [TestDB];
      select
          sch.name as schema_name,
          obj.name as view_name
      from sys.sql_expression_dependencies refs
      inner join sys.objects obj
      on refs.referencing_id = obj.object_id
      inner join sys.schemas sch
      on obj.schema_id = sch.schema_id
      where refs.referenced_database_name = 'TestDB'
      and refs.referenced_schema_name = 'dbo'
      and refs.referenced_entity_name = 'incremental_model_file__dbt_tmp_temp_view'
      and refs.referencing_class = 1
      and obj.type = 'V'
      
[0m13:26:13.075421 [debug] [Thread-1 (]: Opening a new connection, currently in state init
[0m13:26:13.075421 [debug] [Thread-1 (]: SQLServer adapter: Using connection string: DRIVER={ODBC Driver 18 for SQL Server};SERVER=localhost,1433;Database=TestDB;UID={sa};PWD=***;encrypt=No;TrustServerCertificate=Yes;Application Name=dbt-sqlserver/1.7.4
[0m13:26:13.094195 [debug] [Thread-1 (]: SQLServer adapter: Connected to db: TestDB
[0m13:26:13.106006 [debug] [Thread-1 (]: SQL status: OK in 0.0 seconds
[0m13:26:13.109826 [debug] [Thread-1 (]: Using sqlserver connection "model.incremental_test.incremental_model_file"
[0m13:26:13.111251 [debug] [Thread-1 (]: On model.incremental_test.incremental_model_file: /* {"app": "dbt", "dbt_version": "1.7.9", "profile_name": "incremental_test", "target_name": "dev", "node_id": "model.incremental_test.incremental_model_file"} */

    
      
      
    
    USE [TestDB];
    EXEC('DROP view IF EXISTS "dbo"."incremental_model_file__dbt_tmp_temp_view";');

  
[0m13:26:13.115024 [debug] [Thread-1 (]: SQL status: OK in 0.0 seconds
[0m13:26:13.119985 [debug] [Thread-1 (]: Using sqlserver connection "model.incremental_test.incremental_model_file"
[0m13:26:13.121477 [debug] [Thread-1 (]: On model.incremental_test.incremental_model_file: /* {"app": "dbt", "dbt_version": "1.7.9", "profile_name": "incremental_test", "target_name": "dev", "node_id": "model.incremental_test.incremental_model_file"} */

      USE [TestDB];
      select
          sch.name as schema_name,
          obj.name as view_name
      from sys.sql_expression_dependencies refs
      inner join sys.objects obj
      on refs.referencing_id = obj.object_id
      inner join sys.schemas sch
      on obj.schema_id = sch.schema_id
      where refs.referenced_database_name = 'TestDB'
      and refs.referenced_schema_name = 'dbo'
      and refs.referenced_entity_name = 'incremental_model_file__dbt_tmp_temp_view'
      and refs.referencing_class = 1
      and obj.type = 'V'
      
[0m13:26:13.125969 [debug] [Thread-1 (]: SQL status: OK in 0.0 seconds
[0m13:26:13.128582 [debug] [Thread-1 (]: Using sqlserver connection "model.incremental_test.incremental_model_file"
[0m13:26:13.129866 [debug] [Thread-1 (]: On model.incremental_test.incremental_model_file: /* {"app": "dbt", "dbt_version": "1.7.9", "profile_name": "incremental_test", "target_name": "dev", "node_id": "model.incremental_test.incremental_model_file"} */

    
  
    

   

    USE [TestDB];
    
    

    EXEC('create view "dbo"."incremental_model_file__dbt_tmp_temp_view" as 

select
    *

from dbo.tst



  -- this filter will only be applied on an incremental run
  -- (uses >= to include records whose timestamp occurred since the last run of this model)
  where DT >= (select max(DT) from "TestDB"."dbo"."incremental_model_file")

;');



    
      EXEC('SELECT * INTO [TestDB].[dbo].[incremental_model_file__dbt_tmp] FROM [TestDB].[dbo].[incremental_model_file__dbt_tmp_temp_view];');
    

    
      
      
    
    USE [TestDB];
    EXEC('DROP view IF EXISTS "dbo"."incremental_model_file__dbt_tmp_temp_view";');



  
  
[0m13:26:13.174365 [debug] [Thread-1 (]: SQL status: OK in 0.0 seconds
[0m13:26:13.187165 [debug] [Thread-1 (]: Using sqlserver connection "model.incremental_test.incremental_model_file"
[0m13:26:13.192196 [debug] [Thread-1 (]: On model.incremental_test.incremental_model_file: /* {"app": "dbt", "dbt_version": "1.7.9", "profile_name": "incremental_test", "target_name": "dev", "node_id": "model.incremental_test.incremental_model_file"} */


    with mapping as (
        select
            row_number() over (partition by object_name(c.object_id) order by c.column_id) as ordinal_position,
            c.name collate database_default as column_name,
            t.name as data_type,
            c.max_length as character_maximum_length,
            c.precision as numeric_precision,
            c.scale as numeric_scale
        from [TestDB].sys.columns c 
        inner join sys.types t 
        on c.user_type_id = t.user_type_id
        where c.object_id = object_id('"TestDB"."dbo"."incremental_model_file__dbt_tmp"')
    )

    select
        column_name,
        data_type,
        character_maximum_length,
        numeric_precision,
        numeric_scale
    from mapping
    order by ordinal_position

  
[0m13:26:13.211386 [debug] [Thread-1 (]: SQL status: OK in 0.0 seconds
[0m13:26:13.219394 [debug] [Thread-1 (]: Using sqlserver connection "model.incremental_test.incremental_model_file"
[0m13:26:13.221414 [debug] [Thread-1 (]: On model.incremental_test.incremental_model_file: /* {"app": "dbt", "dbt_version": "1.7.9", "profile_name": "incremental_test", "target_name": "dev", "node_id": "model.incremental_test.incremental_model_file"} */


    with mapping as (
        select
            row_number() over (partition by object_name(c.object_id) order by c.column_id) as ordinal_position,
            c.name collate database_default as column_name,
            t.name as data_type,
            c.max_length as character_maximum_length,
            c.precision as numeric_precision,
            c.scale as numeric_scale
        from [TestDB].sys.columns c 
        inner join sys.types t 
        on c.user_type_id = t.user_type_id
        where c.object_id = object_id('"TestDB"."dbo"."incremental_model_file"')
    )

    select
        column_name,
        data_type,
        character_maximum_length,
        numeric_precision,
        numeric_scale
    from mapping
    order by ordinal_position

  
[0m13:26:13.244730 [debug] [Thread-1 (]: SQL status: OK in 0.0 seconds
[0m13:26:13.253655 [debug] [Thread-1 (]: Using sqlserver connection "model.incremental_test.incremental_model_file"
[0m13:26:13.255461 [debug] [Thread-1 (]: On model.incremental_test.incremental_model_file: /* {"app": "dbt", "dbt_version": "1.7.9", "profile_name": "incremental_test", "target_name": "dev", "node_id": "model.incremental_test.incremental_model_file"} */


    with mapping as (
        select
            row_number() over (partition by object_name(c.object_id) order by c.column_id) as ordinal_position,
            c.name collate database_default as column_name,
            t.name as data_type,
            c.max_length as character_maximum_length,
            c.precision as numeric_precision,
            c.scale as numeric_scale
        from [TestDB].sys.columns c 
        inner join sys.types t 
        on c.user_type_id = t.user_type_id
        where c.object_id = object_id('"TestDB"."dbo"."incremental_model_file"')
    )

    select
        column_name,
        data_type,
        character_maximum_length,
        numeric_precision,
        numeric_scale
    from mapping
    order by ordinal_position

  
[0m13:26:13.261334 [debug] [Thread-1 (]: SQL status: OK in 0.0 seconds
[0m13:26:13.271519 [debug] [Thread-1 (]: Writing runtime sql for node "model.incremental_test.incremental_model_file"
[0m13:26:13.276393 [debug] [Thread-1 (]: Using sqlserver connection "model.incremental_test.incremental_model_file"
[0m13:26:13.276393 [debug] [Thread-1 (]: On model.incremental_test.incremental_model_file: /* {"app": "dbt", "dbt_version": "1.7.9", "profile_name": "incremental_test", "target_name": "dev", "node_id": "model.incremental_test.incremental_model_file"} */

      insert into "TestDB"."dbo"."incremental_model_file" ("ID", "DT")
    (
        select "ID", "DT"
        from "TestDB"."dbo"."incremental_model_file__dbt_tmp"
    )


  
[0m13:26:13.298662 [debug] [Thread-1 (]: SQL status: OK in 0.0 seconds
[0m13:26:13.309776 [debug] [Thread-1 (]: On model.incremental_test.incremental_model_file: COMMIT
[0m13:26:13.315822 [debug] [Thread-1 (]: Timing info for model.incremental_test.incremental_model_file (execute): 13:26:13.020617 => 13:26:13.315822
[0m13:26:13.315822 [debug] [Thread-1 (]: On model.incremental_test.incremental_model_file: Close
[0m13:26:13.320024 [debug] [Thread-1 (]: Sending event: {'category': 'dbt', 'action': 'run_model', 'label': 'f7ff5695-171f-48c1-bd01-5ce033279d9f', 'context': [<snowplow_tracker.self_describing_json.SelfDescribingJson object at 0x0000024E5E683750>]}
[0m13:26:13.320024 [info ] [Thread-1 (]: 1 of 1 OK created sql incremental model dbo.incremental_model_file ............. [[32mOK[0m in 0.32s]
[0m13:26:13.325697 [debug] [Thread-1 (]: Finished running node model.incremental_test.incremental_model_file
[0m13:26:13.329437 [debug] [MainThread]: On master: COMMIT
[0m13:26:13.331319 [debug] [MainThread]: Connection 'master' was properly closed.
[0m13:26:13.332686 [debug] [MainThread]: Connection 'list_TestDB' was properly closed.
[0m13:26:13.333912 [debug] [MainThread]: Connection 'list_TestDB_dbo' was properly closed.
[0m13:26:13.334811 [debug] [MainThread]: Connection 'model.incremental_test.incremental_model_file' was properly closed.
[0m13:26:13.336256 [info ] [MainThread]: 
[0m13:26:13.337481 [info ] [MainThread]: Finished running 1 incremental model in 0 hours 0 minutes and 0.44 seconds (0.44s).
[0m13:26:13.339397 [debug] [MainThread]: Command end result
[0m13:26:13.342936 [info ] [MainThread]: 
[0m13:26:13.351790 [info ] [MainThread]: [32mCompleted successfully[0m
[0m13:26:13.352006 [info ] [MainThread]: 
[0m13:26:13.352006 [info ] [MainThread]: Done. PASS=1 WARN=0 ERROR=0 SKIP=0 TOTAL=1
[0m13:26:13.352006 [debug] [MainThread]: Command `dbt run` succeeded at 13:26:13.352006 after 0.98 seconds
[0m13:26:13.352006 [debug] [MainThread]: Sending event: {'category': 'dbt', 'action': 'invocation', 'label': 'end', 'context': [<snowplow_tracker.self_describing_json.SelfDescribingJson object at 0x0000024E5DA46C10>, <snowplow_tracker.self_describing_json.SelfDescribingJson object at 0x0000024E573FB490>, <snowplow_tracker.self_describing_json.SelfDescribingJson object at 0x0000024E573F8090>]}
[0m13:26:13.359208 [debug] [MainThread]: Flushing usage events
[0m13:26:57.665471 [debug] [MainThread]: Sending event: {'category': 'dbt', 'action': 'invocation', 'label': 'start', 'context': [<snowplow_tracker.self_describing_json.SelfDescribingJson object at 0x000001AF540D6F10>, <snowplow_tracker.self_describing_json.SelfDescribingJson object at 0x000001AF53BD65D0>, <snowplow_tracker.self_describing_json.SelfDescribingJson object at 0x000001AF540CFED0>]}


============================== 13:26:57.665471 | 26a7204a-4465-4ee2-9be0-6bf48b428e0b ==============================
[0m13:26:57.665471 [info ] [MainThread]: Running with dbt=1.7.9
[0m13:26:57.665471 [debug] [MainThread]: running dbt with arguments {'printer_width': '80', 'indirect_selection': 'eager', 'write_json': 'True', 'log_cache_events': 'False', 'partial_parse': 'True', 'cache_selected_only': 'False', 'profiles_dir': 'C:\\Users\\username\\dbt_tst\\incremental_test', 'debug': 'True', 'fail_fast': 'False', 'log_path': 'C:\\Users\\username\\dbt_tst\\incremental_test\\logs', 'warn_error': 'None', 'version_check': 'True', 'use_colors': 'True', 'use_experimental_parser': 'False', 'no_print': 'None', 'quiet': 'False', 'log_format': 'default', 'static_parser': 'True', 'invocation_command': 'dbt run --full-refresh --debug', 'warn_error_options': 'WarnErrorOptions(include=[], exclude=[])', 'target_path': 'None', 'introspect': 'True', 'send_anonymous_usage_stats': 'True'}
[0m13:26:57.932433 [debug] [MainThread]: Sending event: {'category': 'dbt', 'action': 'project_id', 'label': '26a7204a-4465-4ee2-9be0-6bf48b428e0b', 'context': [<snowplow_tracker.self_describing_json.SelfDescribingJson object at 0x000001AF5468FF50>]}
[0m13:26:58.006131 [debug] [MainThread]: Sending event: {'category': 'dbt', 'action': 'adapter_info', 'label': '26a7204a-4465-4ee2-9be0-6bf48b428e0b', 'context': [<snowplow_tracker.self_describing_json.SelfDescribingJson object at 0x000001AF5458BA90>]}
[0m13:26:58.006131 [info ] [MainThread]: Registered adapter: sqlserver=1.7.4
[0m13:26:58.021352 [debug] [MainThread]: checksum: 6ff0d83c3b46f350064523b4e08d9241403ad71d606ba49c4e670afba3668b39, vars: {}, profile: , target: , version: 1.7.9
[0m13:26:58.069200 [debug] [MainThread]: Partial parsing enabled: 0 files deleted, 0 files added, 0 files changed.
[0m13:26:58.069200 [debug] [MainThread]: Partial parsing enabled, no changes found, skipping parsing
[0m13:26:58.069200 [debug] [MainThread]: Sending event: {'category': 'dbt', 'action': 'load_project', 'label': '26a7204a-4465-4ee2-9be0-6bf48b428e0b', 'context': [<snowplow_tracker.self_describing_json.SelfDescribingJson object at 0x000001AF548F8950>]}
[0m13:26:58.087157 [debug] [MainThread]: Sending event: {'category': 'dbt', 'action': 'resource_counts', 'label': '26a7204a-4465-4ee2-9be0-6bf48b428e0b', 'context': [<snowplow_tracker.self_describing_json.SelfDescribingJson object at 0x000001AF54765290>]}
[0m13:26:58.092472 [info ] [MainThread]: Found 1 model, 0 sources, 0 exposures, 0 metrics, 447 macros, 0 groups, 0 semantic models
[0m13:26:58.092472 [debug] [MainThread]: Sending event: {'category': 'dbt', 'action': 'runnable_timing', 'label': '26a7204a-4465-4ee2-9be0-6bf48b428e0b', 'context': [<snowplow_tracker.self_describing_json.SelfDescribingJson object at 0x000001AF547AAAD0>]}
[0m13:26:58.092472 [info ] [MainThread]: 
[0m13:26:58.096946 [debug] [MainThread]: Acquiring new sqlserver connection 'master'
[0m13:26:58.099117 [debug] [ThreadPool]: Acquiring new sqlserver connection 'list_TestDB'
[0m13:26:58.103699 [debug] [ThreadPool]: Using sqlserver connection "list_TestDB"
[0m13:26:58.103699 [debug] [ThreadPool]: On list_TestDB: /* {"app": "dbt", "dbt_version": "1.7.9", "profile_name": "incremental_test", "target_name": "dev", "connection_name": "list_TestDB"} */
select  name as [schema]
    from sys.schemas 
  
[0m13:26:58.113006 [debug] [ThreadPool]: Opening a new connection, currently in state init
[0m13:26:58.113006 [debug] [ThreadPool]: SQLServer adapter: Using connection string: DRIVER={ODBC Driver 18 for SQL Server};SERVER=localhost,1433;Database=TestDB;UID={sa};PWD=***;encrypt=No;TrustServerCertificate=Yes;Application Name=dbt-sqlserver/1.7.4
[0m13:26:58.159458 [debug] [ThreadPool]: SQLServer adapter: Connected to db: TestDB
[0m13:26:58.161350 [debug] [ThreadPool]: SQL status: OK in 0.0 seconds
[0m13:26:58.163127 [debug] [ThreadPool]: On list_TestDB: Close
[0m13:26:58.165774 [debug] [ThreadPool]: Acquiring new sqlserver connection 'list_TestDB_dbo'
[0m13:26:58.172104 [debug] [ThreadPool]: Using sqlserver connection "list_TestDB_dbo"
[0m13:26:58.172468 [debug] [ThreadPool]: On list_TestDB_dbo: /* {"app": "dbt", "dbt_version": "1.7.9", "profile_name": "incremental_test", "target_name": "dev", "connection_name": "list_TestDB_dbo"} */
select
      table_catalog as [database],
      table_name as [name],
      table_schema as [schema],
      case when table_type = 'BASE TABLE' then 'table'
           when table_type = 'VIEW' then 'view'
           else table_type
      end as table_type

    from INFORMATION_SCHEMA.TABLES 
    where table_schema like 'dbo'
  
[0m13:26:58.172468 [debug] [ThreadPool]: Opening a new connection, currently in state init
[0m13:26:58.172468 [debug] [ThreadPool]: SQLServer adapter: Using connection string: DRIVER={ODBC Driver 18 for SQL Server};SERVER=localhost,1433;Database=TestDB;UID={sa};PWD=***;encrypt=No;TrustServerCertificate=Yes;Application Name=dbt-sqlserver/1.7.4
[0m13:26:58.177478 [debug] [ThreadPool]: SQLServer adapter: Connected to db: TestDB
[0m13:26:58.183574 [debug] [ThreadPool]: SQL status: OK in 0.0 seconds
[0m13:26:58.186856 [debug] [ThreadPool]: On list_TestDB_dbo: ROLLBACK
[0m13:26:58.188841 [debug] [ThreadPool]: On list_TestDB_dbo: Close
[0m13:26:58.191384 [debug] [MainThread]: Sending event: {'category': 'dbt', 'action': 'runnable_timing', 'label': '26a7204a-4465-4ee2-9be0-6bf48b428e0b', 'context': [<snowplow_tracker.self_describing_json.SelfDescribingJson object at 0x000001AF547D77D0>]}
[0m13:26:58.193509 [debug] [MainThread]: On master: COMMIT
[0m13:26:58.194349 [info ] [MainThread]: Concurrency: 1 threads (target='dev')
[0m13:26:58.203740 [info ] [MainThread]: 
[0m13:26:58.208069 [debug] [Thread-1 (]: Began running node model.incremental_test.incremental_model_file
[0m13:26:58.208069 [info ] [Thread-1 (]: 1 of 1 START sql incremental model dbo.incremental_model_file .................. [RUN]
[0m13:26:58.213657 [debug] [Thread-1 (]: Acquiring new sqlserver connection 'model.incremental_test.incremental_model_file'
[0m13:26:58.213657 [debug] [Thread-1 (]: Began compiling node model.incremental_test.incremental_model_file
[0m13:26:58.223817 [debug] [Thread-1 (]: Writing injected SQL for node "model.incremental_test.incremental_model_file"
[0m13:26:58.232534 [debug] [Thread-1 (]: Timing info for model.incremental_test.incremental_model_file (compile): 13:26:58.213657 => 13:26:58.223817
[0m13:26:58.232534 [debug] [Thread-1 (]: Began executing node model.incremental_test.incremental_model_file
[0m13:26:58.270668 [debug] [Thread-1 (]: Using sqlserver connection "model.incremental_test.incremental_model_file"
[0m13:26:58.270668 [debug] [Thread-1 (]: On model.incremental_test.incremental_model_file: /* {"app": "dbt", "dbt_version": "1.7.9", "profile_name": "incremental_test", "target_name": "dev", "node_id": "model.incremental_test.incremental_model_file"} */

      
      
    USE [TestDB];
    EXEC('DROP table IF EXISTS "dbo"."incremental_model_file__dbt_tmp";');

[0m13:26:58.270668 [debug] [Thread-1 (]: Opening a new connection, currently in state init
[0m13:26:58.282504 [debug] [Thread-1 (]: SQLServer adapter: Using connection string: DRIVER={ODBC Driver 18 for SQL Server};SERVER=localhost,1433;Database=TestDB;UID={sa};PWD=***;encrypt=No;TrustServerCertificate=Yes;Application Name=dbt-sqlserver/1.7.4
[0m13:26:58.300529 [debug] [Thread-1 (]: SQLServer adapter: Connected to db: TestDB
[0m13:26:58.318990 [debug] [Thread-1 (]: SQL status: OK in 0.0 seconds
[0m13:26:58.335321 [debug] [Thread-1 (]: Using sqlserver connection "model.incremental_test.incremental_model_file"
[0m13:26:58.337174 [debug] [Thread-1 (]: On model.incremental_test.incremental_model_file: /* {"app": "dbt", "dbt_version": "1.7.9", "profile_name": "incremental_test", "target_name": "dev", "node_id": "model.incremental_test.incremental_model_file"} */

      USE [TestDB];
      select
          sch.name as schema_name,
          obj.name as view_name
      from sys.sql_expression_dependencies refs
      inner join sys.objects obj
      on refs.referencing_id = obj.object_id
      inner join sys.schemas sch
      on obj.schema_id = sch.schema_id
      where refs.referenced_database_name = 'TestDB'
      and refs.referenced_schema_name = 'dbo'
      and refs.referenced_entity_name = 'incremental_model_file__dbt_tmp_temp_view'
      and refs.referencing_class = 1
      and obj.type = 'V'
      
[0m13:26:58.341663 [debug] [Thread-1 (]: SQL status: OK in 0.0 seconds
[0m13:26:58.343851 [debug] [Thread-1 (]: Using sqlserver connection "model.incremental_test.incremental_model_file"
[0m13:26:58.343851 [debug] [Thread-1 (]: On model.incremental_test.incremental_model_file: /* {"app": "dbt", "dbt_version": "1.7.9", "profile_name": "incremental_test", "target_name": "dev", "node_id": "model.incremental_test.incremental_model_file"} */

    
      
      
    
    USE [TestDB];
    EXEC('DROP view IF EXISTS "dbo"."incremental_model_file__dbt_tmp_temp_view";');

  
[0m13:26:58.351195 [debug] [Thread-1 (]: SQL status: OK in 0.0 seconds
[0m13:26:58.356943 [debug] [Thread-1 (]: Using sqlserver connection "model.incremental_test.incremental_model_file"
[0m13:26:58.358407 [debug] [Thread-1 (]: On model.incremental_test.incremental_model_file: /* {"app": "dbt", "dbt_version": "1.7.9", "profile_name": "incremental_test", "target_name": "dev", "node_id": "model.incremental_test.incremental_model_file"} */

      USE [TestDB];
      select
          sch.name as schema_name,
          obj.name as view_name
      from sys.sql_expression_dependencies refs
      inner join sys.objects obj
      on refs.referencing_id = obj.object_id
      inner join sys.schemas sch
      on obj.schema_id = sch.schema_id
      where refs.referenced_database_name = 'TestDB'
      and refs.referenced_schema_name = 'dbo'
      and refs.referenced_entity_name = 'incremental_model_file__dbt_tmp_temp_view'
      and refs.referencing_class = 1
      and obj.type = 'V'
      
[0m13:26:58.362252 [debug] [Thread-1 (]: SQL status: OK in 0.0 seconds
[0m13:26:58.364812 [debug] [Thread-1 (]: Writing runtime sql for node "model.incremental_test.incremental_model_file"
[0m13:26:58.367580 [debug] [Thread-1 (]: Using sqlserver connection "model.incremental_test.incremental_model_file"
[0m13:26:58.369304 [debug] [Thread-1 (]: On model.incremental_test.incremental_model_file: /* {"app": "dbt", "dbt_version": "1.7.9", "profile_name": "incremental_test", "target_name": "dev", "node_id": "model.incremental_test.incremental_model_file"} */

      
  
    

   

    USE [TestDB];
    
    

    EXEC('create view "dbo"."incremental_model_file__dbt_tmp_temp_view" as 

select
    *

from dbo.tst

;');



    
      EXEC('SELECT * INTO [TestDB].[dbo].[incremental_model_file__dbt_tmp] FROM [TestDB].[dbo].[incremental_model_file__dbt_tmp_temp_view];');
    

    
      
      
    
    USE [TestDB];
    EXEC('DROP view IF EXISTS "dbo"."incremental_model_file__dbt_tmp_temp_view";');



  
  
[0m13:26:58.413947 [debug] [Thread-1 (]: SQL status: OK in 0.0 seconds
[0m13:26:58.422885 [debug] [Thread-1 (]: Using sqlserver connection "model.incremental_test.incremental_model_file"
[0m13:26:58.424119 [debug] [Thread-1 (]: On model.incremental_test.incremental_model_file: /* {"app": "dbt", "dbt_version": "1.7.9", "profile_name": "incremental_test", "target_name": "dev", "node_id": "model.incremental_test.incremental_model_file"} */
USE [TestDB];
      EXEC sp_rename 'dbo.incremental_model_file', 'incremental_model_file__dbt_backup'
[0m13:26:58.618722 [debug] [Thread-1 (]: SQL status: OK in 0.0 seconds
[0m13:26:58.622346 [debug] [Thread-1 (]: Using sqlserver connection "model.incremental_test.incremental_model_file"
[0m13:26:58.625599 [debug] [Thread-1 (]: On model.incremental_test.incremental_model_file: /* {"app": "dbt", "dbt_version": "1.7.9", "profile_name": "incremental_test", "target_name": "dev", "node_id": "model.incremental_test.incremental_model_file"} */
USE [TestDB];
      EXEC sp_rename 'dbo.incremental_model_file__dbt_tmp', 'incremental_model_file'
[0m13:26:58.637127 [debug] [Thread-1 (]: SQL status: OK in 0.0 seconds
[0m13:26:58.655962 [debug] [Thread-1 (]: On model.incremental_test.incremental_model_file: COMMIT
[0m13:26:58.664093 [debug] [Thread-1 (]: Using sqlserver connection "model.incremental_test.incremental_model_file"
[0m13:26:58.666267 [debug] [Thread-1 (]: On model.incremental_test.incremental_model_file: /* {"app": "dbt", "dbt_version": "1.7.9", "profile_name": "incremental_test", "target_name": "dev", "node_id": "model.incremental_test.incremental_model_file"} */

      
      
    USE [TestDB];
    EXEC('DROP table IF EXISTS "dbo"."incremental_model_file__dbt_backup";');

[0m13:26:58.677637 [debug] [Thread-1 (]: SQL status: OK in 0.0 seconds
[0m13:26:58.681227 [debug] [Thread-1 (]: Timing info for model.incremental_test.incremental_model_file (execute): 13:26:58.232534 => 13:26:58.681227
[0m13:26:58.683836 [debug] [Thread-1 (]: On model.incremental_test.incremental_model_file: Close
[0m13:26:58.686635 [debug] [Thread-1 (]: Sending event: {'category': 'dbt', 'action': 'run_model', 'label': '26a7204a-4465-4ee2-9be0-6bf48b428e0b', 'context': [<snowplow_tracker.self_describing_json.SelfDescribingJson object at 0x000001AF5472FBD0>]}
[0m13:26:58.688267 [info ] [Thread-1 (]: 1 of 1 OK created sql incremental model dbo.incremental_model_file ............. [[32mOK[0m in 0.47s]
[0m13:26:58.690844 [debug] [Thread-1 (]: Finished running node model.incremental_test.incremental_model_file
[0m13:26:58.690844 [debug] [MainThread]: On master: COMMIT
[0m13:26:58.695948 [debug] [MainThread]: Connection 'master' was properly closed.
[0m13:26:58.695948 [debug] [MainThread]: Connection 'list_TestDB' was properly closed.
[0m13:26:58.699563 [debug] [MainThread]: Connection 'list_TestDB_dbo' was properly closed.
[0m13:26:58.705531 [debug] [MainThread]: Connection 'model.incremental_test.incremental_model_file' was properly closed.
[0m13:26:58.705531 [info ] [MainThread]: 
[0m13:26:58.708249 [info ] [MainThread]: Finished running 1 incremental model in 0 hours 0 minutes and 0.61 seconds (0.61s).
[0m13:26:58.710916 [debug] [MainThread]: Command end result
[0m13:26:58.718916 [info ] [MainThread]: 
[0m13:26:58.718916 [info ] [MainThread]: [32mCompleted successfully[0m
[0m13:26:58.718916 [info ] [MainThread]: 
[0m13:26:58.718916 [info ] [MainThread]: Done. PASS=1 WARN=0 ERROR=0 SKIP=0 TOTAL=1
[0m13:26:58.729029 [debug] [MainThread]: Command `dbt run` succeeded at 13:26:58.727005 after 1.12 seconds
[0m13:26:58.730569 [debug] [MainThread]: Sending event: {'category': 'dbt', 'action': 'invocation', 'label': 'end', 'context': [<snowplow_tracker.self_describing_json.SelfDescribingJson object at 0x000001AF53AED190>, <snowplow_tracker.self_describing_json.SelfDescribingJson object at 0x000001AF4D670090>, <snowplow_tracker.self_describing_json.SelfDescribingJson object at 0x000001AF4D66B4D0>]}
[0m13:26:58.730569 [debug] [MainThread]: Flushing usage events
